生成启动时间为 2018-9-21 14:17:36。
     1>项目“D:\MyProgramme\OpenGL\glfw-3.2.1\src\glfw.vcxproj”在节点 2 上(Build 个目标)。
     1>CustomBuild:
         Building Custom Rule D:/MyProgramme/OpenGL/glfw-3.2.1/src/CMakeLists.txt
         CMake does not need to re-run because D:/MyProgramme/OpenGL/glfw-3.2.1/src/CMakeFiles/generate.stamp is up-to-date.
       ClCompile:
         E:\Program Files (x86)\Microsoft Visual Studio 12.0\VC\bin\CL.exe /c /I"D:\MyProgramme\OpenGL\glfw-3.2.1\include" /I"D:\MyProgramme\OpenGL\glfw-3.2.1\src" /nologo /W3 /WX- /O2 /Ob2 /Oy- /D WIN32 /D _WINDOWS /D NDEBUG /D _GLFW_USE_CONFIG_H /D _CRT_SECURE_NO_WARNINGS /D "CMAKE_INTDIR=\"Release\"" /D _MBCS /Gm- /MD /GS /fp:precise /Zc:wchar_t /Zc:forScope /Fo"glfw.dir\Release\\" /Fd"glfw.dir\Release\vc120.pdb" /Gd /TC /analyze- /errorReport:prompt "D:\MyProgramme\OpenGL\glfw-3.2.1\src\context.c" "D:\MyProgramme\OpenGL\glfw-3.2.1\src\init.c" "D:\MyProgramme\OpenGL\glfw-3.2.1\src\input.c" "D:\MyProgramme\OpenGL\glfw-3.2.1\src\monitor.c" "D:\MyProgramme\OpenGL\glfw-3.2.1\src\vulkan.c" "D:\MyProgramme\OpenGL\glfw-3.2.1\src\window.c" "D:\MyProgramme\OpenGL\glfw-3.2.1\src\win32_init.c" "D:\MyProgramme\OpenGL\glfw-3.2.1\src\win32_joystick.c" "D:\MyProgramme\OpenGL\glfw-3.2.1\src\win32_monitor.c" "D:\MyProgramme\OpenGL\glfw-3.2.1\src\win32_time.c" "D:\MyProgramme\OpenGL\glfw-3.2.1\src\win32_tls.c" "D:\MyProgramme\OpenGL\glfw-3.2.1\src\win32_window.c" "D:\MyProgramme\OpenGL\glfw-3.2.1\src\wgl_context.c" "D:\MyProgramme\OpenGL\glfw-3.2.1\src\egl_context.c"
         context.c
         init.c
         input.c
         monitor.c
         vulkan.c
         window.c
         win32_init.c
         win32_joystick.c
         win32_monitor.c
         win32_time.c
         win32_tls.c
         win32_window.c
         wgl_context.c
         egl_context.c
         正在生成代码...
       Lib:
         E:\Program Files (x86)\Microsoft Visual Studio 12.0\VC\bin\Lib.exe /OUT:"D:\MyProgramme\OpenGL\glfw-3.2.1\src\Release\glfw3.lib" /NOLOGO  /machine:X86 glfw.dir\Release\context.obj
         glfw.dir\Release\init.obj
         glfw.dir\Release\input.obj
         glfw.dir\Release\monitor.obj
         glfw.dir\Release\vulkan.obj
         glfw.dir\Release\window.obj
         glfw.dir\Release\win32_init.obj
         glfw.dir\Release\win32_joystick.obj
         glfw.dir\Release\win32_monitor.obj
         glfw.dir\Release\win32_time.obj
         glfw.dir\Release\win32_tls.obj
         glfw.dir\Release\win32_window.obj
         glfw.dir\Release\wgl_context.obj
         glfw.dir\Release\egl_context.obj
         glfw.vcxproj -> D:\MyProgramme\OpenGL\glfw-3.2.1\src\Release\glfw3.lib
     1>已完成生成项目“D:\MyProgramme\OpenGL\glfw-3.2.1\src\glfw.vcxproj”(Build 个目标)的操作。

生成成功。

已用时间 00:00:03.59
